0 verbose cli D:\FrontendDevelopmentTool\nodejs\node.exe D:\FrontendDevelopmentTool\nodejs\node_modules\npm\bin\npm-cli.js
1 info using npm@10.9.2
2 info using node@v23.10.0
3 silly config load:file:D:\FrontendDevelopmentTool\nvm\nvm\v23.10.0\node_modules\npm\npmrc
4 silly config load:file:C:\Users\17505\AppData\Local\Microsoft\TypeScript\5.9\.npmrc
5 silly config load:file:C:\Users\17505\.npmrc
6 silly config load:file:D:\FrontendDevelopmentTool\nodejs\etc\npmrc
7 verbose title npm install @types/semver@ts5.9
8 verbose argv "install" "--ignore-scripts" "@types/semver@ts5.9" "--save-dev" "--user-agent" "typesInstaller/5.9.3"
9 verbose logfile logs-max:10 dir:D:\frontent_projects\QA_Hub\QA_Hub\npm-cache\_logs\2025-10-31T05_58_58_077Z-
10 verbose logfile D:\frontent_projects\QA_Hub\QA_Hub\npm-cache\_logs\2025-10-31T05_58_58_077Z-debug-0.log
11 silly logfile done cleaning log files
12 silly packumentCache heap:4345298944 maxSize:1086324736 maxEntrySize:543162368
13 silly packumentCache corgi:https://registry.npmjs.org/@types%2fsemver cache-miss
14 http fetch GET 200 https://registry.npmjs.org/@types%2fsemver 784ms (cache miss)
15 silly packumentCache corgi:https://registry.npmjs.org/@types%2fsemver set size:undefined disposed:false
16 silly idealTree buildDeps
17 silly fetch manifest @types/semver@7.7.1
18 silly packumentCache full:https://registry.npmjs.org/@types%2fsemver cache-miss
19 http fetch GET 200 https://registry.npmjs.org/@types%2fsemver 475ms (cache miss)
20 silly packumentCache full:https://registry.npmjs.org/@types%2fsemver set size:undefined disposed:false
21 silly placeDep ROOT @types/semver@7.7.1 OK for:  want: 7.7.1
22 silly reify moves {}
23 silly audit bulk request {
23 silly audit   '@parcel/watcher': [ '2.5.1' ],
23 silly audit   '@parcel/watcher-android-arm64': [ '2.5.1' ],
23 silly audit   '@parcel/watcher-darwin-arm64': [ '2.5.1' ],
23 silly audit   '@parcel/watcher-darwin-x64': [ '2.5.1' ],
23 silly audit   '@parcel/watcher-freebsd-x64': [ '2.5.1' ],
23 silly audit   '@parcel/watcher-linux-arm-glibc': [ '2.5.1' ],
23 silly audit   '@parcel/watcher-linux-arm-musl': [ '2.5.1' ],
23 silly audit   '@parcel/watcher-linux-arm64-glibc': [ '2.5.1' ],
23 silly audit   '@parcel/watcher-linux-arm64-musl': [ '2.5.1' ],
23 silly audit   '@parcel/watcher-linux-x64-glibc': [ '2.5.1' ],
23 silly audit   '@parcel/watcher-linux-x64-musl': [ '2.5.1' ],
23 silly audit   '@parcel/watcher-win32-arm64': [ '2.5.1' ],
23 silly audit   '@parcel/watcher-win32-ia32': [ '2.5.1' ],
23 silly audit   '@parcel/watcher-win32-x64': [ '2.5.1' ],
23 silly audit   '@types/crypto-js': [ '4.2.2' ],
23 silly audit   '@types/less': [ '3.0.8' ],
23 silly audit   '@types/node': [ '24.5.0' ],
23 silly audit   '@types/node-sass': [ '4.11.8' ],
23 silly audit   '@types/react': [ '19.2.2' ],
23 silly audit   '@types/sass-loader': [ '8.0.9' ],
23 silly audit   '@types/source-list-map': [ '0.1.6' ],
23 silly audit   '@types/stream-chain': [ '2.1.0' ],
23 silly audit   '@types/stream-json': [ '1.7.8' ],
23 silly audit   '@types/stylus': [ '0.48.43' ],
23 silly audit   '@types/tapable': [ '1.0.12' ],
23 silly audit   '@types/uglify-js': [ '3.17.5' ],
23 silly audit   '@types/webpack': [ '4.41.40' ],
23 silly audit   '@types/webpack-sources': [ '3.2.3' ],
23 silly audit   'source-map': [ '0.7.6', '0.6.1' ],
23 silly audit   anymatch: [ '3.1.3' ],
23 silly audit   braces: [ '3.0.3' ],
23 silly audit   chokidar: [ '4.0.3' ],
23 silly audit   csstype: [ '3.1.3' ],
23 silly audit   'detect-libc': [ '1.0.3' ],
23 silly audit   'fill-range': [ '7.1.1' ],
23 silly audit   immutable: [ '5.1.3' ],
23 silly audit   'is-extglob': [ '2.1.1' ],
23 silly audit   'is-glob': [ '4.0.3' ],
23 silly audit   'is-number': [ '7.0.0' ],
23 silly audit   micromatch: [ '4.0.8' ],
23 silly audit   'node-addon-api': [ '7.1.1' ],
23 silly audit   'normalize-path': [ '3.0.0' ],
23 silly audit   picomatch: [ '2.3.1' ],
23 silly audit   readdirp: [ '4.1.2' ],
23 silly audit   sass: [ '1.92.1' ],
23 silly audit   'source-map-js': [ '1.2.1' ],
23 silly audit   'to-regex-range': [ '5.0.1' ],
23 silly audit   'types-registry': [ '0.1.744' ],
23 silly audit   'undici-types': [ '7.12.0' ],
23 silly audit   '@types/semver': [ '7.7.1' ]
23 silly audit }
24 verbose reify failed optional dependency C:\Users\17505\AppData\Local\Microsoft\TypeScript\5.9\node_modules\@parcel\watcher-win32-ia32
25 silly reify mark deleted [
25 silly reify   'C:\\Users\\17505\\AppData\\Local\\Microsoft\\TypeScript\\5.9\\node_modules\\@parcel\\watcher-win32-ia32'
25 silly reify ]
26 verbose reify failed optional dependency C:\Users\17505\AppData\Local\Microsoft\TypeScript\5.9\node_modules\@parcel\watcher-win32-arm64
27 silly reify mark deleted [
27 silly reify   'C:\\Users\\17505\\AppData\\Local\\Microsoft\\TypeScript\\5.9\\node_modules\\@parcel\\watcher-win32-arm64'
27 silly reify ]
28 verbose reify failed optional dependency C:\Users\17505\AppData\Local\Microsoft\TypeScript\5.9\node_modules\@parcel\watcher-linux-x64-musl
29 silly reify mark deleted [
29 silly reify   'C:\\Users\\17505\\AppData\\Local\\Microsoft\\TypeScript\\5.9\\node_modules\\@parcel\\watcher-linux-x64-musl'
29 silly reify ]
30 verbose reify failed optional dependency C:\Users\17505\AppData\Local\Microsoft\TypeScript\5.9\node_modules\@parcel\watcher-linux-x64-glibc
31 silly reify mark deleted [
31 silly reify   'C:\\Users\\17505\\AppData\\Local\\Microsoft\\TypeScript\\5.9\\node_modules\\@parcel\\watcher-linux-x64-glibc'
31 silly reify ]
32 verbose reify failed optional dependency C:\Users\17505\AppData\Local\Microsoft\TypeScript\5.9\node_modules\@parcel\watcher-linux-arm64-musl
33 silly reify mark deleted [
33 silly reify   'C:\\Users\\17505\\AppData\\Local\\Microsoft\\TypeScript\\5.9\\node_modules\\@parcel\\watcher-linux-arm64-musl'
33 silly reify ]
34 verbose reify failed optional dependency C:\Users\17505\AppData\Local\Microsoft\TypeScript\5.9\node_modules\@parcel\watcher-linux-arm64-glibc
35 silly reify mark deleted [
35 silly reify   'C:\\Users\\17505\\AppData\\Local\\Microsoft\\TypeScript\\5.9\\node_modules\\@parcel\\watcher-linux-arm64-glibc'
35 silly reify ]
36 verbose reify failed optional dependency C:\Users\17505\AppData\Local\Microsoft\TypeScript\5.9\node_modules\@parcel\watcher-linux-arm-musl
37 silly reify mark deleted [
37 silly reify   'C:\\Users\\17505\\AppData\\Local\\Microsoft\\TypeScript\\5.9\\node_modules\\@parcel\\watcher-linux-arm-musl'
37 silly reify ]
38 verbose reify failed optional dependency C:\Users\17505\AppData\Local\Microsoft\TypeScript\5.9\node_modules\@parcel\watcher-linux-arm-glibc
39 silly reify mark deleted [
39 silly reify   'C:\\Users\\17505\\AppData\\Local\\Microsoft\\TypeScript\\5.9\\node_modules\\@parcel\\watcher-linux-arm-glibc'
39 silly reify ]
40 verbose reify failed optional dependency C:\Users\17505\AppData\Local\Microsoft\TypeScript\5.9\node_modules\@parcel\watcher-freebsd-x64
41 silly reify mark deleted [
41 silly reify   'C:\\Users\\17505\\AppData\\Local\\Microsoft\\TypeScript\\5.9\\node_modules\\@parcel\\watcher-freebsd-x64'
41 silly reify ]
42 verbose reify failed optional dependency C:\Users\17505\AppData\Local\Microsoft\TypeScript\5.9\node_modules\@parcel\watcher-darwin-x64
43 silly reify mark deleted [
43 silly reify   'C:\\Users\\17505\\AppData\\Local\\Microsoft\\TypeScript\\5.9\\node_modules\\@parcel\\watcher-darwin-x64'
43 silly reify ]
44 verbose reify failed optional dependency C:\Users\17505\AppData\Local\Microsoft\TypeScript\5.9\node_modules\@parcel\watcher-darwin-arm64
45 silly reify mark deleted [
45 silly reify   'C:\\Users\\17505\\AppData\\Local\\Microsoft\\TypeScript\\5.9\\node_modules\\@parcel\\watcher-darwin-arm64'
45 silly reify ]
46 verbose reify failed optional dependency C:\Users\17505\AppData\Local\Microsoft\TypeScript\5.9\node_modules\@parcel\watcher-android-arm64
47 silly reify mark deleted [
47 silly reify   'C:\\Users\\17505\\AppData\\Local\\Microsoft\\TypeScript\\5.9\\node_modules\\@parcel\\watcher-android-arm64'
47 silly reify ]
48 http cache @types/semver@https://registry.npmjs.org/@types/semver/-/semver-7.7.1.tgz 0ms (cache hit)
49 silly tarball no local data for @types/semver@https://registry.npmjs.org/@types/semver/-/semver-7.7.1.tgz. Extracting by manifest.
50 http fetch POST 200 https://registry.npmjs.org/-/npm/v1/security/advisories/bulk 223ms
51 silly audit report {}
52 http fetch GET 200 https://registry.npmjs.org/@types/semver/-/semver-7.7.1.tgz 744ms (cache miss)
53 silly ADD node_modules/@types/semver
54 silly ADD
55 silly ADD
56 silly ADD
57 silly ADD
58 silly ADD
59 silly ADD
60 silly ADD
61 silly ADD
62 silly ADD
63 silly ADD
64 silly ADD
65 silly ADD
66 verbose cwd C:\Users\17505\AppData\Local\Microsoft\TypeScript\5.9
67 verbose os Windows_NT 10.0.26100
68 verbose node v23.10.0
69 verbose npm  v10.9.2
70 verbose exit 0
71 info ok
