0 verbose cli D:\FrontendDevelopmentTool\nodejs\node.exe D:\FrontendDevelopmentTool\nodejs\node_modules\npm\bin\npm-cli.js
1 info using npm@10.9.2
2 info using node@v23.10.0
3 silly config load:file:D:\FrontendDevelopmentTool\nvm\nvm\v23.10.0\node_modules\npm\npmrc
4 silly config load:file:C:\Users\17505\AppData\Local\Microsoft\TypeScript\5.9\.npmrc
5 silly config load:file:C:\Users\17505\.npmrc
6 silly config load:file:D:\FrontendDevelopmentTool\nodejs\etc\npmrc
7 verbose title npm install @types/estree@ts5.9
8 verbose argv "install" "--ignore-scripts" "@types/estree@ts5.9" "--save-dev" "--user-agent" "typesInstaller/5.9.3"
9 verbose logfile logs-max:10 dir:D:\frontent_projects\QA_Hub\QA_Hub\npm-cache\_logs\2025-10-31T05_59_34_963Z-
10 verbose logfile D:\frontent_projects\QA_Hub\QA_Hub\npm-cache\_logs\2025-10-31T05_59_34_963Z-debug-0.log
11 silly logfile start cleaning logs, removing 1 files
12 silly packumentCache heap:4345298944 maxSize:1086324736 maxEntrySize:543162368
13 silly logfile done cleaning log files
14 silly packumentCache corgi:https://registry.npmjs.org/@types%2festree cache-miss
15 http fetch GET 200 https://registry.npmjs.org/@types%2festree 946ms (cache miss)
16 silly packumentCache corgi:https://registry.npmjs.org/@types%2festree set size:undefined disposed:false
17 silly idealTree buildDeps
18 silly fetch manifest @types/estree@1.0.8
19 silly packumentCache full:https://registry.npmjs.org/@types%2festree cache-miss
20 http cache https://registry.npmjs.org/@types%2festree 30ms (cache hit)
21 silly packumentCache full:https://registry.npmjs.org/@types%2festree set size:74091 disposed:false
22 silly placeDep ROOT @types/estree@1.0.8 OK for:  want: 1.0.8
23 silly reify moves {}
24 silly audit bulk request {
24 silly audit   '@parcel/watcher': [ '2.5.1' ],
24 silly audit   '@parcel/watcher-android-arm64': [ '2.5.1' ],
24 silly audit   '@parcel/watcher-darwin-arm64': [ '2.5.1' ],
24 silly audit   '@parcel/watcher-darwin-x64': [ '2.5.1' ],
24 silly audit   '@parcel/watcher-freebsd-x64': [ '2.5.1' ],
24 silly audit   '@parcel/watcher-linux-arm-glibc': [ '2.5.1' ],
24 silly audit   '@parcel/watcher-linux-arm-musl': [ '2.5.1' ],
24 silly audit   '@parcel/watcher-linux-arm64-glibc': [ '2.5.1' ],
24 silly audit   '@parcel/watcher-linux-arm64-musl': [ '2.5.1' ],
24 silly audit   '@parcel/watcher-linux-x64-glibc': [ '2.5.1' ],
24 silly audit   '@parcel/watcher-linux-x64-musl': [ '2.5.1' ],
24 silly audit   '@parcel/watcher-win32-arm64': [ '2.5.1' ],
24 silly audit   '@parcel/watcher-win32-ia32': [ '2.5.1' ],
24 silly audit   '@parcel/watcher-win32-x64': [ '2.5.1' ],
24 silly audit   '@types/crypto-js': [ '4.2.2' ],
24 silly audit   '@types/less': [ '3.0.8' ],
24 silly audit   '@types/lodash': [ '4.17.20' ],
24 silly audit   '@types/node': [ '24.5.0' ],
24 silly audit   '@types/node-sass': [ '4.11.8' ],
24 silly audit   '@types/react': [ '19.2.2' ],
24 silly audit   '@types/sass-loader': [ '8.0.9' ],
24 silly audit   '@types/semver': [ '7.7.1' ],
24 silly audit   '@types/source-list-map': [ '0.1.6' ],
24 silly audit   '@types/stream-chain': [ '2.1.0' ],
24 silly audit   '@types/stream-json': [ '1.7.8' ],
24 silly audit   '@types/stylus': [ '0.48.43' ],
24 silly audit   '@types/tapable': [ '1.0.12' ],
24 silly audit   '@types/uglify-js': [ '3.17.5' ],
24 silly audit   '@types/webpack': [ '4.41.40' ],
24 silly audit   '@types/webpack-sources': [ '3.2.3' ],
24 silly audit   'source-map': [ '0.7.6', '0.6.1' ],
24 silly audit   anymatch: [ '3.1.3' ],
24 silly audit   braces: [ '3.0.3' ],
24 silly audit   chokidar: [ '4.0.3' ],
24 silly audit   csstype: [ '3.1.3' ],
24 silly audit   'detect-libc': [ '1.0.3' ],
24 silly audit   'fill-range': [ '7.1.1' ],
24 silly audit   immutable: [ '5.1.3' ],
24 silly audit   'is-extglob': [ '2.1.1' ],
24 silly audit   'is-glob': [ '4.0.3' ],
24 silly audit   'is-number': [ '7.0.0' ],
24 silly audit   micromatch: [ '4.0.8' ],
24 silly audit   'node-addon-api': [ '7.1.1' ],
24 silly audit   'normalize-path': [ '3.0.0' ],
24 silly audit   picomatch: [ '2.3.1' ],
24 silly audit   readdirp: [ '4.1.2' ],
24 silly audit   sass: [ '1.92.1' ],
24 silly audit   'source-map-js': [ '1.2.1' ],
24 silly audit   'to-regex-range': [ '5.0.1' ],
24 silly audit   'types-registry': [ '0.1.744' ],
24 silly audit   'undici-types': [ '7.12.0' ],
24 silly audit   '@types/estree': [ '1.0.8' ]
24 silly audit }
25 verbose reify failed optional dependency C:\Users\17505\AppData\Local\Microsoft\TypeScript\5.9\node_modules\@parcel\watcher-win32-ia32
26 silly reify mark deleted [
26 silly reify   'C:\\Users\\17505\\AppData\\Local\\Microsoft\\TypeScript\\5.9\\node_modules\\@parcel\\watcher-win32-ia32'
26 silly reify ]
27 verbose reify failed optional dependency C:\Users\17505\AppData\Local\Microsoft\TypeScript\5.9\node_modules\@parcel\watcher-win32-arm64
28 silly reify mark deleted [
28 silly reify   'C:\\Users\\17505\\AppData\\Local\\Microsoft\\TypeScript\\5.9\\node_modules\\@parcel\\watcher-win32-arm64'
28 silly reify ]
29 verbose reify failed optional dependency C:\Users\17505\AppData\Local\Microsoft\TypeScript\5.9\node_modules\@parcel\watcher-linux-x64-musl
30 silly reify mark deleted [
30 silly reify   'C:\\Users\\17505\\AppData\\Local\\Microsoft\\TypeScript\\5.9\\node_modules\\@parcel\\watcher-linux-x64-musl'
30 silly reify ]
31 verbose reify failed optional dependency C:\Users\17505\AppData\Local\Microsoft\TypeScript\5.9\node_modules\@parcel\watcher-linux-x64-glibc
32 silly reify mark deleted [
32 silly reify   'C:\\Users\\17505\\AppData\\Local\\Microsoft\\TypeScript\\5.9\\node_modules\\@parcel\\watcher-linux-x64-glibc'
32 silly reify ]
33 verbose reify failed optional dependency C:\Users\17505\AppData\Local\Microsoft\TypeScript\5.9\node_modules\@parcel\watcher-linux-arm64-musl
34 silly reify mark deleted [
34 silly reify   'C:\\Users\\17505\\AppData\\Local\\Microsoft\\TypeScript\\5.9\\node_modules\\@parcel\\watcher-linux-arm64-musl'
34 silly reify ]
35 verbose reify failed optional dependency C:\Users\17505\AppData\Local\Microsoft\TypeScript\5.9\node_modules\@parcel\watcher-linux-arm64-glibc
36 silly reify mark deleted [
36 silly reify   'C:\\Users\\17505\\AppData\\Local\\Microsoft\\TypeScript\\5.9\\node_modules\\@parcel\\watcher-linux-arm64-glibc'
36 silly reify ]
37 verbose reify failed optional dependency C:\Users\17505\AppData\Local\Microsoft\TypeScript\5.9\node_modules\@parcel\watcher-linux-arm-musl
38 silly reify mark deleted [
38 silly reify   'C:\\Users\\17505\\AppData\\Local\\Microsoft\\TypeScript\\5.9\\node_modules\\@parcel\\watcher-linux-arm-musl'
38 silly reify ]
39 verbose reify failed optional dependency C:\Users\17505\AppData\Local\Microsoft\TypeScript\5.9\node_modules\@parcel\watcher-linux-arm-glibc
40 silly reify mark deleted [
40 silly reify   'C:\\Users\\17505\\AppData\\Local\\Microsoft\\TypeScript\\5.9\\node_modules\\@parcel\\watcher-linux-arm-glibc'
40 silly reify ]
41 verbose reify failed optional dependency C:\Users\17505\AppData\Local\Microsoft\TypeScript\5.9\node_modules\@parcel\watcher-freebsd-x64
42 silly reify mark deleted [
42 silly reify   'C:\\Users\\17505\\AppData\\Local\\Microsoft\\TypeScript\\5.9\\node_modules\\@parcel\\watcher-freebsd-x64'
42 silly reify ]
43 verbose reify failed optional dependency C:\Users\17505\AppData\Local\Microsoft\TypeScript\5.9\node_modules\@parcel\watcher-darwin-x64
44 silly reify mark deleted [
44 silly reify   'C:\\Users\\17505\\AppData\\Local\\Microsoft\\TypeScript\\5.9\\node_modules\\@parcel\\watcher-darwin-x64'
44 silly reify ]
45 verbose reify failed optional dependency C:\Users\17505\AppData\Local\Microsoft\TypeScript\5.9\node_modules\@parcel\watcher-darwin-arm64
46 silly reify mark deleted [
46 silly reify   'C:\\Users\\17505\\AppData\\Local\\Microsoft\\TypeScript\\5.9\\node_modules\\@parcel\\watcher-darwin-arm64'
46 silly reify ]
47 verbose reify failed optional dependency C:\Users\17505\AppData\Local\Microsoft\TypeScript\5.9\node_modules\@parcel\watcher-android-arm64
48 silly reify mark deleted [
48 silly reify   'C:\\Users\\17505\\AppData\\Local\\Microsoft\\TypeScript\\5.9\\node_modules\\@parcel\\watcher-android-arm64'
48 silly reify ]
49 http cache @types/estree@https://registry.npmjs.org/@types/estree/-/estree-1.0.8.tgz 0ms (cache hit)
50 http fetch POST 200 https://registry.npmjs.org/-/npm/v1/security/advisories/bulk 425ms
51 silly audit report {}
52 silly ADD node_modules/@types/estree
53 silly ADD
54 silly ADD
55 silly ADD
56 silly ADD
57 silly ADD
58 silly ADD
59 silly ADD
60 silly ADD
61 silly ADD
62 silly ADD
63 silly ADD
64 silly ADD
65 verbose cwd C:\Users\17505\AppData\Local\Microsoft\TypeScript\5.9
66 verbose os Windows_NT 10.0.26100
67 verbose node v23.10.0
68 verbose npm  v10.9.2
69 verbose exit 0
70 info ok
