0 verbose cli D:\FrontendDevelopmentTool\nodejs\node.exe D:\FrontendDevelopmentTool\nodejs\node_modules\npm\bin\npm-cli.js
1 info using npm@10.9.2
2 info using node@v23.10.0
3 silly config load:file:D:\FrontendDevelopmentTool\nvm\nvm\v23.10.0\node_modules\npm\npmrc
4 silly config load:file:C:\Users\17505\AppData\Local\Microsoft\TypeScript\4.1\.npmrc
5 silly config load:file:C:\Users\17505\.npmrc
6 silly config load:file:D:\FrontendDevelopmentTool\nodejs\etc\npmrc
7 verbose title npm install types-registry@latest
8 verbose argv "install" "--ignore-scripts" "types-registry@latest"
9 verbose logfile logs-max:10 dir:D:\frontent_projects\QA_Hub\QA_Hub\npm-cache\_logs\2025-11-01T07_49_02_285Z-
10 verbose logfile D:\frontent_projects\QA_Hub\QA_Hub\npm-cache\_logs\2025-11-01T07_49_02_285Z-debug-0.log
11 silly logfile start cleaning logs, removing 1 files
12 silly packumentCache heap:4345298944 maxSize:1086324736 maxEntrySize:543162368
13 silly logfile done cleaning log files
14 silly packumentCache corgi:https://registry.npmjs.org/types-registry cache-miss
15 http fetch GET 200 https://registry.npmjs.org/types-registry 804ms (cache revalidated)
16 silly packumentCache corgi:https://registry.npmjs.org/types-registry set size:610982 disposed:false
17 silly idealTree buildDeps
18 silly fetch manifest types-registry@0.1.744
19 silly packumentCache full:https://registry.npmjs.org/types-registry cache-miss
20 http fetch GET 200 https://registry.npmjs.org/types-registry 245ms (cache revalidated)
21 silly packumentCache full:https://registry.npmjs.org/types-registry set size:1308111 disposed:false
22 silly placeDep ROOT types-registry@0.1.744 REPLACE for:  want: 0.1.744
23 silly reify moves {}
24 silly audit bulk request { '@types/crypto-js': [ '4.1.1' ], 'types-registry': [ '0.1.744' ] }
25 http fetch POST 200 https://registry.npmjs.org/-/npm/v1/security/advisories/bulk 263ms
26 silly audit report {}
27 verbose cwd C:\Users\17505\AppData\Local\Microsoft\TypeScript\4.1
28 verbose os Windows_NT 10.0.26100
29 verbose node v23.10.0
30 verbose npm  v10.9.2
31 verbose exit 0
32 info ok
