0 verbose cli D:\FrontendDevelopmentTool\nodejs\node.exe D:\FrontendDevelopmentTool\nodejs\node_modules\npm\bin\npm-cli.js
1 info using npm@10.9.2
2 info using node@v23.10.0
3 silly config load:file:D:\FrontendDevelopmentTool\nvm\nvm\v23.10.0\node_modules\npm\npmrc
4 silly config load:file:D:\frontent_projects\QA_Hub\QA_Hub\.npmrc
5 silly config load:file:C:\Users\17505\.npmrc
6 silly config load:file:D:\FrontendDevelopmentTool\nodejs\etc\npmrc
7 verbose title npm install cos-wx-sdk-v5
8 verbose argv "install" "cos-wx-sdk-v5"
9 verbose logfile logs-max:10 dir:D:\frontent_projects\QA_Hub\QA_Hub\npm-cache\_logs\2025-10-27T15_01_19_387Z-
10 verbose logfile D:\frontent_projects\QA_Hub\QA_Hub\npm-cache\_logs\2025-10-27T15_01_19_387Z-debug-0.log
11 silly logfile done cleaning log files
12 silly packumentCache heap:4345298944 maxSize:1086324736 maxEntrySize:543162368
13 silly idealTree buildDeps
14 silly fetch manifest cos-wx-sdk-v5@*
15 silly packumentCache full:https://registry.npmjs.org/cos-wx-sdk-v5 cache-miss
16 http fetch GET 200 https://registry.npmjs.org/cos-wx-sdk-v5 1222ms (cache miss)
17 silly packumentCache full:https://registry.npmjs.org/cos-wx-sdk-v5 set size:undefined disposed:false
18 silly placeDep ROOT cos-wx-sdk-v5@1.8.0 OK for: qa_hub@1.0.0 want: *
19 silly fetch manifest mime@^2.4.6
20 silly packumentCache full:https://registry.npmjs.org/mime cache-miss
21 silly fetch manifest fast-xml-parser@4.5.0
22 silly packumentCache full:https://registry.npmjs.org/fast-xml-parser cache-miss
23 http fetch GET 200 https://registry.npmjs.org/mime 442ms (cache miss)
24 silly packumentCache full:https://registry.npmjs.org/mime set size:undefined disposed:false
25 http fetch GET 200 https://registry.npmjs.org/fast-xml-parser 1383ms (cache miss)
26 silly packumentCache full:https://registry.npmjs.org/fast-xml-parser set size:undefined disposed:false
27 silly placeDep ROOT fast-xml-parser@4.5.0 OK for: cos-wx-sdk-v5@1.8.0 want: 4.5.0
28 silly placeDep ROOT mime@2.6.0 OK for: cos-wx-sdk-v5@1.8.0 want: ^2.4.6
29 silly fetch manifest strnum@^1.0.5
30 silly packumentCache full:https://registry.npmjs.org/strnum cache-miss
31 http fetch GET 200 https://registry.npmjs.org/strnum 436ms (cache miss)
32 silly packumentCache full:https://registry.npmjs.org/strnum set size:undefined disposed:false
33 silly placeDep ROOT strnum@1.1.2 OK for: fast-xml-parser@4.5.0 want: ^1.0.5
34 silly reify moves {}
35 silly audit bulk request {
35 silly audit   'cos-wx-sdk-v5': [ '1.8.0' ],
35 silly audit   'fast-xml-parser': [ '4.5.0' ],
35 silly audit   mime: [ '2.6.0' ],
35 silly audit   strnum: [ '1.1.2' ]
35 silly audit }
36 http cache strnum@https://registry.npmjs.org/strnum/-/strnum-1.1.2.tgz 0ms (cache hit)
37 silly tarball no local data for strnum@https://registry.npmjs.org/strnum/-/strnum-1.1.2.tgz. Extracting by manifest.
38 http cache mime@https://registry.npmjs.org/mime/-/mime-2.6.0.tgz 0ms (cache hit)
39 http cache fast-xml-parser@https://registry.npmjs.org/fast-xml-parser/-/fast-xml-parser-4.5.0.tgz 0ms (cache hit)
40 http cache cos-wx-sdk-v5@https://registry.npmjs.org/cos-wx-sdk-v5/-/cos-wx-sdk-v5-1.8.0.tgz 0ms (cache hit)
41 silly tarball no local data for mime@https://registry.npmjs.org/mime/-/mime-2.6.0.tgz. Extracting by manifest.
42 silly tarball no local data for fast-xml-parser@https://registry.npmjs.org/fast-xml-parser/-/fast-xml-parser-4.5.0.tgz. Extracting by manifest.
43 silly tarball no local data for cos-wx-sdk-v5@https://registry.npmjs.org/cos-wx-sdk-v5/-/cos-wx-sdk-v5-1.8.0.tgz. Extracting by manifest.
44 http fetch POST 200 https://registry.npmjs.org/-/npm/v1/security/advisories/bulk 238ms
45 silly audit report {}
46 http fetch GET 200 https://registry.npmjs.org/strnum/-/strnum-1.1.2.tgz 241ms (cache miss)
47 http fetch GET 200 https://registry.npmjs.org/mime/-/mime-2.6.0.tgz 777ms (cache miss)
48 http fetch GET 200 https://registry.npmjs.org/fast-xml-parser/-/fast-xml-parser-4.5.0.tgz 1152ms (cache miss)
49 http fetch GET 200 https://registry.npmjs.org/cos-wx-sdk-v5/-/cos-wx-sdk-v5-1.8.0.tgz 2087ms (cache miss)
50 info run cos-wx-sdk-v5@1.8.0 postinstall node_modules/cos-wx-sdk-v5 node scripts/patch-check.js
51 info run cos-wx-sdk-v5@1.8.0 postinstall { code: 0, signal: null }
52 silly ADD node_modules/strnum
53 silly ADD node_modules/mime
54 silly ADD node_modules/fast-xml-parser
55 silly ADD node_modules/cos-wx-sdk-v5
56 verbose cwd D:\frontent_projects\QA_Hub\QA_Hub
57 verbose os Windows_NT 10.0.26100
58 verbose node v23.10.0
59 verbose npm  v10.9.2
60 verbose exit 0
61 info ok
