0 verbose cli D:\FrontendDevelopmentTool\nodejs\node.exe D:\FrontendDevelopmentTool\nodejs\node_modules\npm\bin\npm-cli.js
1 info using npm@10.9.2
2 info using node@v23.10.0
3 silly config load:file:D:\FrontendDevelopmentTool\nvm\nvm\v23.10.0\node_modules\npm\npmrc
4 silly config load:file:D:\.npmrc
5 silly config load:file:C:\Users\17505\.npmrc
6 silly config load:file:D:\FrontendDevelopmentTool\nodejs\etc\npmrc
7 verbose title npm config set tmp D:\frontent_projects\QA_Hub\QA_Hub\npm-tmp
8 verbose argv "config" "set" "tmp" "D:\\frontent_projects\\QA_Hub\\QA_Hub\\npm-tmp"
9 verbose logfile logs-max:10 dir:D:\frontent_projects\QA_Hub\QA_Hub\npm-cache\_logs\2025-10-27T10_48_12_947Z-
10 verbose logfile D:\frontent_projects\QA_Hub\QA_Hub\npm-cache\_logs\2025-10-27T10_48_12_947Z-debug-0.log
11 silly logfile done cleaning log files
12 info config set "tmp" "D:\\frontent_projects\\QA_Hub\\QA_Hub\\npm-tmp"
13 verbose stack Error: `tmp` is not a valid npm option
13 verbose stack     at Config.set (D:\FrontendDevelopmentTool\nvm\nvm\v23.10.0\node_modules\npm\lib\commands\config.js:186:15)
13 verbose stack     at Config.exec (D:\FrontendDevelopmentTool\nvm\nvm\v23.10.0\node_modules\npm\lib\commands\config.js:151:20)
13 verbose stack     at D:\FrontendDevelopmentTool\nvm\nvm\v23.10.0\node_modules\npm\lib\npm.js:255:63
13 verbose stack     at Object.start (D:\FrontendDevelopmentTool\nvm\nvm\v23.10.0\node_modules\npm\node_modules\proc-log\lib\index.js:101:21)
13 verbose stack     at #exec (D:\FrontendDevelopmentTool\nvm\nvm\v23.10.0\node_modules\npm\lib\npm.js:254:17)
13 verbose stack     at async Npm.exec (D:\FrontendDevelopmentTool\nvm\nvm\v23.10.0\node_modules\npm\lib\npm.js:207:9)
13 verbose stack     at async module.exports (D:\FrontendDevelopmentTool\nvm\nvm\v23.10.0\node_modules\npm\lib\cli\entry.js:74:5)
14 error `tmp` is not a valid npm option
15 verbose cwd D:\frontent_projects\QA_Hub\QA_Hub
16 verbose os Windows_NT 10.0.26100
17 verbose node v23.10.0
18 verbose npm  v10.9.2
19 verbose exit 1
20 verbose code 1
21 error A complete log of this run can be found in: D:\frontent_projects\QA_Hub\QA_Hub\npm-cache\_logs\2025-10-27T10_48_12_947Z-debug-0.log
