0 verbose cli D:\FrontendDevelopmentTool\nodejs\node.exe D:\FrontendDevelopmentTool\nodejs\node_modules\npm\bin\npm-cli.js
1 info using npm@10.9.2
2 info using node@v23.10.0
3 silly config load:file:D:\FrontendDevelopmentTool\nvm\nvm\v23.10.0\node_modules\npm\npmrc
4 silly config load:file:D:\.npmrc
5 silly config load:file:C:\Users\17505\.npmrc
6 silly config load:file:D:\FrontendDevelopmentTool\nodejs\etc\npmrc
7 verbose title npm install cos-wx-sdk-v5
8 verbose argv "install" "cos-wx-sdk-v5"
9 verbose logfile logs-max:10 dir:D:\frontent_projects\QA_Hub\QA_Hub\npm-cache\_logs\2025-10-27T10_49_03_727Z-
10 verbose logfile D:\frontent_projects\QA_Hub\QA_Hub\npm-cache\_logs\2025-10-27T10_49_03_727Z-debug-0.log
11 silly logfile done cleaning log files
12 silly packumentCache heap:4345298944 maxSize:1086324736 maxEntrySize:543162368
13 verbose stack Error: EPERM: operation not permitted, mkdir 'D:\'
13 verbose stack     at async mkdir (node:internal/fs/promises:853:10)
13 verbose stack     at async Arborist.reify (D:\FrontendDevelopmentTool\nvm\nvm\v23.10.0\node_modules\npm\node_modules\@npmcli\arborist\lib\arborist\reify.js:126:7)
13 verbose stack     at async Install.exec (D:\FrontendDevelopmentTool\nvm\nvm\v23.10.0\node_modules\npm\lib\commands\install.js:150:5)
13 verbose stack     at async Npm.exec (D:\FrontendDevelopmentTool\nvm\nvm\v23.10.0\node_modules\npm\lib\npm.js:207:9)
13 verbose stack     at async module.exports (D:\FrontendDevelopmentTool\nvm\nvm\v23.10.0\node_modules\npm\lib\cli\entry.js:74:5)
14 error code EPERM
15 error syscall mkdir
16 error path D:\
17 error errno -4048
18 error Error: EPERM: operation not permitted, mkdir 'D:\'
18 error     at async mkdir (node:internal/fs/promises:853:10)
18 error     at async Arborist.reify (D:\FrontendDevelopmentTool\nvm\nvm\v23.10.0\node_modules\npm\node_modules\@npmcli\arborist\lib\arborist\reify.js:126:7)
18 error     at async Install.exec (D:\FrontendDevelopmentTool\nvm\nvm\v23.10.0\node_modules\npm\lib\commands\install.js:150:5)
18 error     at async Npm.exec (D:\FrontendDevelopmentTool\nvm\nvm\v23.10.0\node_modules\npm\lib\npm.js:207:9)
18 error     at async module.exports (D:\FrontendDevelopmentTool\nvm\nvm\v23.10.0\node_modules\npm\lib\cli\entry.js:74:5) {
18 error   errno: -4048,
18 error   code: 'EPERM',
18 error   syscall: 'mkdir',
18 error   path: 'D:\\'
18 error }
19 error
19 error The operation was rejected by your operating system.
19 error It's possible that the file was already in use (by a text editor or antivirus),
19 error or that you lack permissions to access it.
19 error
19 error If you believe this might be a permissions issue, please double-check the
19 error permissions of the file and its containing directories, or try running
19 error the command again as root/Administrator.
20 silly unfinished npm timer reify 1761562144011
21 verbose cwd D:\frontent_projects\QA_Hub\QA_Hub
22 verbose os Windows_NT 10.0.26100
23 verbose node v23.10.0
24 verbose npm  v10.9.2
25 verbose exit -4048
26 verbose code -4048
27 error A complete log of this run can be found in: D:\frontent_projects\QA_Hub\QA_Hub\npm-cache\_logs\2025-10-27T10_49_03_727Z-debug-0.log
