0 verbose cli D:\FrontendDevelopmentTool\nodejs\node.exe D:\FrontendDevelopmentTool\nodejs\node_modules\npm\bin\npm-cli.js
1 info using npm@10.9.2
2 info using node@v23.10.0
3 silly config load:file:D:\FrontendDevelopmentTool\nvm\nvm\v23.10.0\node_modules\npm\npmrc
4 silly config load:file:D:\.npmrc
5 silly config load:file:C:\Users\17505\.npmrc
6 silly config load:file:D:\FrontendDevelopmentTool\nodejs\etc\npmrc
7 verbose title npm init
8 verbose argv "init"
9 verbose logfile logs-max:10 dir:D:\frontent_projects\QA_Hub\QA_Hub\npm-cache\_logs\2025-10-27T14_58_48_771Z-
10 verbose logfile D:\frontent_projects\QA_Hub\QA_Hub\npm-cache\_logs\2025-10-27T14_58_48_771Z-debug-0.log
11 silly logfile done cleaning log files
12 silly package data {
12 silly package data   name: 'qa_hub',
12 silly package data   version: '1.0.0',
12 silly package data   main: '.eslintrc.js',
12 silly package data   scripts: { test: 'echo "Error: no test specified" && exit 1' },
12 silly package data   repository: { type: 'git', url: 'git+https://github.com/ysh290/Answer_Hub.git' },
12 silly package data   author: '',
12 silly package data   license: 'ISC',
12 silly package data   bugs: { url: 'https://github.com/ysh290/Answer_Hub/issues' },
12 silly package data   homepage: 'https://github.com/ysh290/Answer_Hub#readme',
12 silly package data   description: ''
12 silly package data }
13 verbose cwd D:\frontent_projects\QA_Hub\QA_Hub
14 verbose os Windows_NT 10.0.26100
15 verbose node v23.10.0
16 verbose npm  v10.9.2
17 verbose exit 0
18 info ok
